<?xml version="1.0" encoding="UTF-8"?>
<testng-results ignored="0" total="1" passed="1" failed="0" skipped="0">
  <reporter-output>
  </reporter-output>
  <suite started-at="2024-10-27T02:40:56 BDT" name="Suite" finished-at="2024-10-27T02:41:40 BDT" duration-ms="43787">
    <groups>
    </groups>
    <test started-at="2024-10-27T02:40:56 BDT" name="Test" finished-at="2024-10-27T02:41:40 BDT" duration-ms="43787">
      <class name="com.appium.test.AndroidAppTest">
        <test-method is-config="true" signature="setupEnv()[pri:0, instance:com.appium.test.AndroidAppTest@441772e]" started-at="2024-10-27T02:40:56 BDT" name="setupEnv" finished-at="2024-10-27T02:41:05 BDT" duration-ms="9333" status="PASS">
          <reporter-output>
          </reporter-output>
        </test-method> <!-- setupEnv -->
        <test-method signature="chaldalAppFunctionsTest()[pri:0, instance:com.appium.test.AndroidAppTest@441772e]" started-at="2024-10-27T02:41:05 BDT" name="chaldalAppFunctionsTest" description="Testing All The Core Functions Of Chaldal App" finished-at="2024-10-27T02:41:39 BDT" duration-ms="33344" status="PASS">
          <reporter-output>
          </reporter-output>
        </test-method> <!-- chaldalAppFunctionsTest -->
        <test-method is-config="true" signature="exitEnv()[pri:0, instance:com.appium.test.AndroidAppTest@441772e]" started-at="2024-10-27T02:41:39 BDT" name="exitEnv" finished-at="2024-10-27T02:41:40 BDT" duration-ms="1076" status="PASS">
          <reporter-output>
          </reporter-output>
        </test-method> <!-- exitEnv -->
      </class> <!-- com.appium.test.AndroidAppTest -->
    </test> <!-- Test -->
  </suite> <!-- Suite -->
</testng-results>
